2025-01-19 14:10:15,264 - INFO - Trajectory length: 2, First point: [0. 0. 0.]
2025-01-19 14:10:15,264 - INFO - Map points count: 496, First point: [-0.13323906 -0.0102918   0.78802264]
2025-01-19 14:10:15,497 - INFO - Trajectory length: 3, First point: [0. 0. 0.]
2025-01-19 14:10:15,498 - INFO - Map points count: 494, First point: [-0.09953464 -0.0067232   0.57900762]
2025-01-19 14:10:15,568 - INFO - Trajectory length: 4, First point: [0. 0. 0.]
2025-01-19 14:10:15,569 - INFO - Map points count: 494, First point: [-0.09953464 -0.0067232   0.57900762]
2025-01-19 14:10:15,646 - INFO - Trajectory length: 5, First point: [0. 0. 0.]
2025-01-19 14:10:15,647 - INFO - Map points count: 494, First point: [-0.09953464 -0.0067232   0.57900762]
2025-01-19 14:10:15,869 - INFO - Trajectory length: 6, First point: [0. 0. 0.]
2025-01-19 14:10:15,870 - INFO - Map points count: 835, First point: [ 0.12585675 -0.22519695  1.19022332]
2025-01-19 14:10:15,951 - INFO - Trajectory length: 7, First point: [0. 0. 0.]
2025-01-19 14:10:15,953 - INFO - Map points count: 833, First point: [ 0.12585675 -0.22519695  1.19022332]
2025-01-19 14:10:16,029 - INFO - Trajectory length: 8, First point: [0. 0. 0.]
2025-01-19 14:10:16,030 - INFO - Map points count: 833, First point: [ 0.12585675 -0.22519695  1.19022332]
2025-01-19 14:10:16,392 - INFO - Trajectory length: 9, First point: [0. 0. 0.]
2025-01-19 14:10:16,393 - INFO - Map points count: 1178, First point: [ 0.56543545 -0.42518035  2.00692701]
2025-01-19 14:10:16,483 - INFO - Trajectory length: 10, First point: [0. 0. 0.]
2025-01-19 14:10:16,484 - INFO - Map points count: 1178, First point: [ 0.56543545 -0.42518035  2.00692701]
2025-01-19 14:10:16,596 - INFO - Trajectory length: 11, First point: [0. 0. 0.]
2025-01-19 14:10:16,597 - INFO - Map points count: 1178, First point: [ 0.56543545 -0.42518035  2.00692701]
2025-01-19 14:10:16,951 - INFO - Trajectory length: 12, First point: [0. 0. 0.]
2025-01-19 14:10:16,952 - INFO - Map points count: 1378, First point: [ 0.38793797 -0.21101267  2.60346612]
2025-01-19 14:10:17,101 - INFO - Trajectory length: 13, First point: [0. 0. 0.]
2025-01-19 14:10:17,102 - INFO - Map points count: 1306, First point: [ 0.38793797 -0.21101267  2.60346612]
2025-01-19 14:10:17,226 - INFO - Trajectory length: 14, First point: [0. 0. 0.]
2025-01-19 14:10:17,227 - INFO - Map points count: 1306, First point: [ 0.38793797 -0.21101267  2.60346612]
2025-01-19 14:10:17,982 - INFO - Trajectory length: 15, First point: [0. 0. 0.]
2025-01-19 14:10:17,982 - INFO - Map points count: 1248, First point: [10.72321753 -6.66365709 79.96986554]
2025-01-19 14:10:18,153 - INFO - Trajectory length: 16, First point: [0. 0. 0.]
2025-01-19 14:10:18,154 - INFO - Map points count: 1248, First point: [10.72321753 -6.66365709 79.96986554]
2025-01-19 14:10:18,296 - INFO - Trajectory length: 17, First point: [0. 0. 0.]
2025-01-19 14:10:18,297 - INFO - Map points count: 1248, First point: [10.72321753 -6.66365709 79.96986554]
2025-01-19 14:10:18,983 - INFO - Trajectory length: 18, First point: [0. 0. 0.]
2025-01-19 14:10:18,984 - INFO - Map points count: 1482, First point: [ 0.25778522 -0.037499    1.00551591]
2025-01-19 14:10:19,145 - INFO - Trajectory length: 19, First point: [0. 0. 0.]
2025-01-19 14:10:19,146 - INFO - Map points count: 1479, First point: [ 0.25778522 -0.037499    1.00551591]
2025-01-19 14:10:19,304 - INFO - Trajectory length: 20, First point: [0. 0. 0.]
2025-01-19 14:10:19,305 - INFO - Map points count: 1479, First point: [ 0.25778522 -0.037499    1.00551591]
2025-01-19 14:10:20,444 - INFO - Trajectory length: 21, First point: [0. 0. 0.]
2025-01-19 14:10:20,445 - INFO - Map points count: 1765, First point: [ 1.02068728 -0.15034576  3.81988704]
2025-01-19 14:10:21,005 - INFO - Trajectory length: 22, First point: [0. 0. 0.]
2025-01-19 14:10:21,007 - INFO - Map points count: 1765, First point: [ 1.02068728 -0.15034576  3.81988704]
2025-01-19 14:10:21,430 - INFO - Trajectory length: 23, First point: [0. 0. 0.]
2025-01-19 14:10:21,431 - INFO - Map points count: 1765, First point: [ 1.02068728 -0.15034576  3.81988704]
2025-01-19 14:10:23,315 - INFO - Trajectory length: 24, First point: [0. 0. 0.]
2025-01-19 14:10:23,315 - INFO - Map points count: 1985, First point: [ 0.70045997 -0.89578044  3.4780276 ]
2025-01-19 14:10:23,555 - INFO - Trajectory length: 25, First point: [0. 0. 0.]
2025-01-19 14:10:23,556 - INFO - Map points count: 1982, First point: [ 0.70045997 -0.89578044  3.4780276 ]
2025-01-19 14:10:23,783 - INFO - Trajectory length: 26, First point: [0. 0. 0.]
2025-01-19 14:10:23,784 - INFO - Map points count: 1982, First point: [ 0.70045997 -0.89578044  3.4780276 ]
2025-01-19 14:10:26,659 - INFO - Trajectory length: 27, First point: [0. 0. 0.]
2025-01-19 14:10:26,660 - INFO - Map points count: 2268, First point: [ 0.80387458 -0.78792644  3.54159892]
2025-01-19 14:10:27,101 - INFO - Trajectory length: 28, First point: [0. 0. 0.]
2025-01-19 14:10:27,102 - INFO - Map points count: 2266, First point: [ 0.80387458 -0.78792644  3.54159892]
2025-01-19 14:10:27,859 - INFO - Trajectory length: 29, First point: [0. 0. 0.]
2025-01-19 14:10:27,860 - INFO - Map points count: 2266, First point: [ 0.80387458 -0.78792644  3.54159892]
2025-01-19 14:10:31,105 - INFO - Trajectory length: 30, First point: [0. 0. 0.]
2025-01-19 14:10:31,105 - INFO - Map points count: 2585, First point: [ 0.89304602 -0.67986965  3.56861411]
2025-01-19 14:10:31,433 - INFO - Trajectory length: 31, First point: [0. 0. 0.]
2025-01-19 14:10:31,434 - INFO - Map points count: 2585, First point: [ 0.89304602 -0.67986965  3.56861411]
2025-01-19 14:10:32,004 - INFO - Trajectory length: 32, First point: [0. 0. 0.]
2025-01-19 14:10:32,005 - INFO - Map points count: 2585, First point: [ 0.89304602 -0.67986965  3.56861411]
2025-01-19 14:10:34,147 - INFO - Trajectory length: 33, First point: [0. 0. 0.]
2025-01-19 14:10:34,148 - INFO - Map points count: 2860, First point: [ 0.92987261 -0.63458404  3.55935476]
2025-01-19 14:10:34,518 - INFO - Trajectory length: 34, First point: [0. 0. 0.]
2025-01-19 14:10:34,519 - INFO - Map points count: 2858, First point: [ 0.92987261 -0.63458404  3.55935476]
2025-01-19 14:10:34,885 - INFO - Trajectory length: 35, First point: [0. 0. 0.]
2025-01-19 14:10:34,886 - INFO - Map points count: 2858, First point: [ 0.92987261 -0.63458404  3.55935476]
2025-01-19 14:10:37,591 - INFO - Trajectory length: 36, First point: [0. 0. 0.]
2025-01-19 14:10:37,592 - INFO - Map points count: 3100, First point: [ 1.00580376 -0.54498694  3.5096902 ]
2025-01-19 14:10:37,974 - INFO - Trajectory length: 37, First point: [0. 0. 0.]
2025-01-19 14:10:37,975 - INFO - Map points count: 3073, First point: [ 1.00580376 -0.54498694  3.5096902 ]
2025-01-19 14:10:38,344 - INFO - Trajectory length: 38, First point: [0. 0. 0.]
2025-01-19 14:10:38,345 - INFO - Map points count: 3073, First point: [ 1.00580376 -0.54498694  3.5096902 ]
